🔄 Starting NTES Bulk Import...
⚠️  This will take 30-60 minutes. Running in background...
📋 Found 5209 trains to update
NTES fetch error: timeout of 10000ms exceeded
⚠️  [1/5209] No data for 01101
NTES fetch error: timeout of 10000ms exceeded
⚠️  [2/5209] No data for 01102
NTES fetch error: timeout of 10000ms exceeded
⚠️  [3/5209] No data for 01493
NTES fetch error: timeout of 10000ms exceeded
⚠️  [4/5209] No data for 01494
NTES fetch error: timeout of 10000ms exceeded
⚠️  [5/5209] No data for 02081
NTES fetch error: timeout of 10000ms exceeded
⚠️  [6/5209] No data for 02082
NTES fetch error: timeout of 10000ms exceeded
⚠️  [7/5209] No data for 02083
NTES fetch error: timeout of 10000ms exceeded
⚠️  [8/5209] No data for 02084
NTES fetch error: timeout of 10000ms exceeded
⚠️  [9/5209] No data for 02085
NTES fetch error: timeout of 10000ms exceeded
⚠️  [10/5209] No data for 02086
NTES fetch error: timeout of 10000ms exceeded
⚠️  [11/5209] No data for 02087
NTES fetch error: timeout of 10000ms exceeded
⚠️  [12/5209] No data for 02088
NTES fetch error: timeout of 10000ms exceeded
⚠️  [13/5209] No data for 02089
NTES fetch error: timeout of 10000ms exceeded
⚠️  [14/5209] No data for 02090
NTES fetch error: timeout of 10000ms exceeded
⚠️  [15/5209] No data for 02093
NTES fetch error: timeout of 10000ms exceeded
⚠️  [16/5209] No data for 02094
NTES fetch error: timeout of 10000ms exceeded
⚠️  [17/5209] No data for 02411
NTES fetch error: timeout of 10000ms exceeded
⚠️  [18/5209] No data for 02412
NTES fetch error: timeout of 10000ms exceeded
⚠️  [19/5209] No data for 02413
NTES fetch error: timeout of 10000ms exceeded
⚠️  [20/5209] No data for 02414
NTES fetch error: timeout of 10000ms exceeded
⚠️  [21/5209] No data for 02423
NTES fetch error: timeout of 10000ms exceeded
⚠️  [22/5209] No data for 02424
NTES fetch error: timeout of 10000ms exceeded
⚠️  [23/5209] No data for 02435
NTES fetch error: timeout of 10000ms exceeded
⚠️  [24/5209] No data for 02436
NTES fetch error: timeout of 10000ms exceeded
⚠️  [25/5209] No data for 02451
NTES fetch error: timeout of 10000ms exceeded
⚠️  [26/5209] No data for 02452
NTES fetch error: timeout of 10000ms exceeded
⚠️  [27/5209] No data for 02453
NTES fetch error: timeout of 10000ms exceeded
⚠️  [28/5209] No data for 02454
NTES fetch error: timeout of 10000ms exceeded
⚠️  [29/5209] No data for 02779
NTES fetch error: timeout of 10000ms exceeded
⚠️  [30/5209] No data for 03283
NTES fetch error: timeout of 10000ms exceeded
⚠️  [31/5209] No data for 03284
NTES fetch error: timeout of 10000ms exceeded
⚠️  [32/5209] No data for 03686
NTES fetch error: timeout of 10000ms exceeded
⚠️  [33/5209] No data for 04011
NTES fetch error: timeout of 10000ms exceeded
⚠️  [34/5209] No data for 04012
NTES fetch error: timeout of 10000ms exceeded
⚠️  [35/5209] No data for 04031
NTES fetch error: timeout of 10000ms exceeded
⚠️  [36/5209] No data for 04032
NTES fetch error: timeout of 10000ms exceeded
⚠️  [37/5209] No data for 04053
NTES fetch error: timeout of 10000ms exceeded
⚠️  [38/5209] No data for 04054
NTES fetch error: timeout of 10000ms exceeded
⚠️  [39/5209] No data for 04115
NTES fetch error: timeout of 10000ms exceeded
⚠️  [40/5209] No data for 04116
NTES fetch error: timeout of 10000ms exceeded
⚠️  [41/5209] No data for 04201
NTES fetch error: timeout of 10000ms exceeded
⚠️  [42/5209] No data for 04202
NTES fetch error: timeout of 10000ms exceeded
⚠️  [43/5209] No data for 04203
NTES fetch error: timeout of 10000ms exceeded
⚠️  [44/5209] No data for 04204
NTES fetch error: timeout of 10000ms exceeded
⚠️  [45/5209] No data for 04601
NTES fetch error: timeout of 10000ms exceeded
⚠️  [46/5209] No data for 04602
NTES fetch error: timeout of 10000ms exceeded
⚠️  [47/5209] No data for 04603
NTES fetch error: timeout of 10000ms exceeded
⚠️  [48/5209] No data for 04604
NTES fetch error: timeout of 10000ms exceeded
⚠️  [49/5209] No data for 04727
NTES fetch error: timeout of 10000ms exceeded
⚠️  [50/5209] No data for 04728
NTES fetch error: timeout of 10000ms exceeded
⚠️  [51/5209] No data for 04741
NTES fetch error: timeout of 10000ms exceeded
⚠️  [52/5209] No data for 04742
NTES fetch error: timeout of 10000ms exceeded
⚠️  [53/5209] No data for 04853
NTES fetch error: timeout of 10000ms exceeded
⚠️  [54/5209] No data for 04854
NTES fetch error: timeout of 10000ms exceeded
⚠️  [55/5209] No data for 04857
NTES fetch error: timeout of 10000ms exceeded
⚠️  [56/5209] No data for 04858
NTES fetch error: timeout of 10000ms exceeded
⚠️  [57/5209] No data for 05305
NTES fetch error: timeout of 10000ms exceeded
⚠️  [58/5209] No data for 05306
NTES fetch error: timeout of 10000ms exceeded
⚠️  [59/5209] No data for 05649
NTES fetch error: timeout of 10000ms exceeded
⚠️  [60/5209] No data for 05650
NTES fetch error: timeout of 10000ms exceeded
⚠️  [61/5209] No data for 05697
NTES fetch error: timeout of 10000ms exceeded
⚠️  [62/5209] No data for 05698
NTES fetch error: timeout of 10000ms exceeded
⚠️  [63/5209] No data for 06001
NTES fetch error: timeout of 10000ms exceeded
⚠️  [64/5209] No data for 06002
NTES fetch error: timeout of 10000ms exceeded
⚠️  [65/5209] No data for 06003
NTES fetch error: timeout of 10000ms exceeded
⚠️  [66/5209] No data for 06004
NTES fetch error: timeout of 10000ms exceeded
⚠️  [67/5209] No data for 06005
NTES fetch error: timeout of 10000ms exceeded
⚠️  [68/5209] No data for 06006
NTES fetch error: timeout of 10000ms exceeded
⚠️  [69/5209] No data for 06007
NTES fetch error: timeout of 10000ms exceeded
⚠️  [70/5209] No data for 06008
NTES fetch error: timeout of 10000ms exceeded
⚠️  [71/5209] No data for 06009
NTES fetch error: timeout of 10000ms exceeded
⚠️  [72/5209] No data for 06010
NTES fetch error: timeout of 10000ms exceeded
⚠️  [73/5209] No data for 06011
NTES fetch error: timeout of 10000ms exceeded
⚠️  [74/5209] No data for 06012
NTES fetch error: timeout of 10000ms exceeded
⚠️  [75/5209] No data for 06201
NTES fetch error: timeout of 10000ms exceeded
⚠️  [76/5209] No data for 06202
NTES fetch error: timeout of 10000ms exceeded
⚠️  [77/5209] No data for 06215
NTES fetch error: timeout of 10000ms exceeded
⚠️  [78/5209] No data for 06216
NTES fetch error: timeout of 10000ms exceeded
⚠️  [79/5209] No data for 06228
NTES fetch error: timeout of 10000ms exceeded
⚠️  [80/5209] No data for 06301
NTES fetch error: timeout of 10000ms exceeded
⚠️  [81/5209] No data for 06302
NTES fetch error: timeout of 10000ms exceeded
⚠️  [82/5209] No data for 06345
NTES fetch error: timeout of 10000ms exceeded
⚠️  [83/5209] No data for 06346
NTES fetch error: timeout of 10000ms exceeded
⚠️  [84/5209] No data for 06501
NTES fetch error: timeout of 10000ms exceeded
⚠️  [85/5209] No data for 06502
NTES fetch error: timeout of 10000ms exceeded
⚠️  [86/5209] No data for 06535
NTES fetch error: timeout of 10000ms exceeded
⚠️  [87/5209] No data for 06536
NTES fetch error: timeout of 10000ms exceeded
⚠️  [88/5209] No data for 06591
NTES fetch error: timeout of 10000ms exceeded
⚠️  [89/5209] No data for 06592
NTES fetch error: timeout of 10000ms exceeded
⚠️  [90/5209] No data for 06593
NTES fetch error: timeout of 10000ms exceeded
⚠️  [91/5209] No data for 06594
NTES fetch error: timeout of 10000ms exceeded
⚠️  [92/5209] No data for 06595
NTES fetch error: timeout of 10000ms exceeded
⚠️  [93/5209] No data for 06596
NTES fetch error: timeout of 10000ms exceeded
⚠️  [94/5209] No data for 06617
NTES fetch error: timeout of 10000ms exceeded
⚠️  [95/5209] No data for 06618
NTES fetch error: timeout of 10000ms exceeded
⚠️  [96/5209] No data for 06621
NTES fetch error: timeout of 10000ms exceeded
⚠️  [97/5209] No data for 06622
NTES fetch error: timeout of 10000ms exceeded
⚠️  [98/5209] No data for 06837
NTES fetch error: timeout of 10000ms exceeded
⚠️  [99/5209] No data for 06838
NTES fetch error: timeout of 10000ms exceeded
⚠️  [100/5209] No data for 06839
📊 Progress: 100/5209 (0 success, 100 failed)
NTES fetch error: timeout of 10000ms exceeded
⚠️  [101/5209] No data for 06840
NTES fetch error: timeout of 10000ms exceeded
⚠️  [102/5209] No data for 06948
NTES fetch error: timeout of 10000ms exceeded
⚠️  [103/5209] No data for 07003
NTES fetch error: timeout of 10000ms exceeded
⚠️  [104/5209] No data for 07004
NTES fetch error: timeout of 10000ms exceeded
⚠️  [105/5209] No data for 07105
NTES fetch error: timeout of 10000ms exceeded
⚠️  [106/5209] No data for 07106
NTES fetch error: timeout of 10000ms exceeded
⚠️  [107/5209] No data for 07143
NTES fetch error: timeout of 10000ms exceeded
⚠️  [108/5209] No data for 07144
NTES fetch error: timeout of 10000ms exceeded
⚠️  [109/5209] No data for 07301
NTES fetch error: timeout of 10000ms exceeded
⚠️  [110/5209] No data for 07403
NTES fetch error: timeout of 10000ms exceeded
⚠️  [111/5209] No data for 07404
NTES fetch error: timeout of 10000ms exceeded
⚠️  [112/5209] No data for 07603
NTES fetch error: timeout of 10000ms exceeded
⚠️  [113/5209] No data for 07604
NTES fetch error: timeout of 10000ms exceeded
⚠️  [114/5209] No data for 07605
NTES fetch error: timeout of 10000ms exceeded
⚠️  [115/5209] No data for 07606
NTES fetch error: timeout of 10000ms exceeded
⚠️  [116/5209] No data for 07607
NTES fetch error: timeout of 10000ms exceeded
⚠️  [117/5209] No data for 07608
NTES fetch error: timeout of 10000ms exceeded
⚠️  [118/5209] No data for 08001
NTES fetch error: timeout of 10000ms exceeded
⚠️  [119/5209] No data for 08002
NTES fetch error: timeout of 10000ms exceeded
⚠️  [120/5209] No data for 08004
NTES fetch error: timeout of 10000ms exceeded
⚠️  [121/5209] No data for 08017
NTES fetch error: timeout of 10000ms exceeded
⚠️  [122/5209] No data for 08018
NTES fetch error: timeout of 10000ms exceeded
⚠️  [123/5209] No data for 08043
NTES fetch error: timeout of 10000ms exceeded
⚠️  [124/5209] No data for 08051
NTES fetch error: timeout of 10000ms exceeded
⚠️  [125/5209] No data for 08052
NTES fetch error: timeout of 10000ms exceeded
⚠️  [126/5209] No data for 08055
NTES fetch error: timeout of 10000ms exceeded
⚠️  [127/5209] No data for 08056
NTES fetch error: timeout of 10000ms exceeded
⚠️  [128/5209] No data for 08060
NTES fetch error: timeout of 10000ms exceeded
⚠️  [129/5209] No data for 08113
NTES fetch error: timeout of 10000ms exceeded
⚠️  [130/5209] No data for 08114
NTES fetch error: timeout of 10000ms exceeded
⚠️  [131/5209] No data for 08469
NTES fetch error: timeout of 10000ms exceeded
⚠️  [132/5209] No data for 08470
NTES fetch error: timeout of 10000ms exceeded
⚠️  [133/5209] No data for 08471
NTES fetch error: timeout of 10000ms exceeded
⚠️  [134/5209] No data for 08472
NTES fetch error: timeout of 10000ms exceeded
⚠️  [135/5209] No data for 08565
NTES fetch error: timeout of 10000ms exceeded
⚠️  [136/5209] No data for 08566
NTES fetch error: timeout of 10000ms exceeded
⚠️  [137/5209] No data for 08567
NTES fetch error: timeout of 10000ms exceeded
⚠️  [138/5209] No data for 08568
NTES fetch error: timeout of 10000ms exceeded
⚠️  [139/5209] No data for 08569
NTES fetch error: timeout of 10000ms exceeded
⚠️  [140/5209] No data for 08785
NTES fetch error: timeout of 10000ms exceeded
⚠️  [141/5209] No data for 08786
NTES fetch error: timeout of 10000ms exceeded
⚠️  [142/5209] No data for 08787
NTES fetch error: timeout of 10000ms exceeded
⚠️  [143/5209] No data for 08788
NTES fetch error: timeout of 10000ms exceeded
⚠️  [144/5209] No data for 09001
NTES fetch error: timeout of 10000ms exceeded
⚠️  [145/5209] No data for 09002
NTES fetch error: timeout of 10000ms exceeded
⚠️  [146/5209] No data for 09021
NTES fetch error: timeout of 10000ms exceeded
⚠️  [147/5209] No data for 09022
NTES fetch error: timeout of 10000ms exceeded
⚠️  [148/5209] No data for 09051
NTES fetch error: timeout of 10000ms exceeded
⚠️  [149/5209] No data for 09221
NTES fetch error: timeout of 10000ms exceeded
⚠️  [150/5209] No data for 09222
NTES fetch error: timeout of 10000ms exceeded
⚠️  [151/5209] No data for 09405
NTES fetch error: timeout of 10000ms exceeded
⚠️  [152/5209] No data for 09406
NTES fetch error: timeout of 10000ms exceeded
⚠️  [153/5209] No data for 09561
NTES fetch error: timeout of 10000ms exceeded
⚠️  [154/5209] No data for 09562
NTES fetch error: timeout of 10000ms exceeded
⚠️  [155/5209] No data for 09621
NTES fetch error: timeout of 10000ms exceeded
⚠️  [156/5209] No data for 09622
NTES fetch error: timeout of 10000ms exceeded
⚠️  [157/5209] No data for 09715
NTES fetch error: timeout of 10000ms exceeded
⚠️  [158/5209] No data for 09716
NTES fetch error: timeout of 10000ms exceeded
⚠️  [159/5209] No data for 09721
NTES fetch error: timeout of 10000ms exceeded
⚠️  [160/5209] No data for 09722
NTES fetch error: timeout of 10000ms exceeded
⚠️  [161/5209] No data for 09723
NTES fetch error: timeout of 10000ms exceeded
⚠️  [162/5209] No data for 09724
NTES fetch error: timeout of 10000ms exceeded
⚠️  [163/5209] No data for 09727
NTES fetch error: timeout of 10000ms exceeded
⚠️  [164/5209] No data for 09728
NTES fetch error: timeout of 10000ms exceeded
⚠️  [165/5209] No data for 09733
NTES fetch error: timeout of 10000ms exceeded
⚠️  [166/5209] No data for 09734
NTES fetch error: timeout of 10000ms exceeded
⚠️  [167/5209] No data for 09735
NTES fetch error: timeout of 10000ms exceeded
⚠️  [168/5209] No data for 09736
NTES fetch error: timeout of 10000ms exceeded
⚠️  [169/5209] No data for 09741
NTES fetch error: timeout of 10000ms exceeded
⚠️  [170/5209] No data for 09742
NTES fetch error: timeout of 10000ms exceeded
⚠️  [171/5209] No data for 09761
